<?xml version="1.0" encoding="UTF-8"?>
<coverage generated="1749988433871" clover="3.2.0">
  <project timestamp="1749988433871" name="All files">
    <metrics statements="13" coveredstatements="13" conditionals="2" coveredconditionals="2" methods="2" coveredmethods="2" elements="17" coveredelements="17" complexity="0" loc="13" ncloc="13" packages="1" files="2" classes="2"/>
    <file name="1.sum.js" path="C:\DATA-DATA-PEMBELAJARAN-PEMROGRAMAN\FRAMEWORK_JS_2025\belajar-materi-unit-test\src\1.sum.js">
      <metrics statements="3" coveredstatements="3" conditionals="1" coveredconditionals="1" methods="1" coveredmethods="1"/>
      <line num="1" count="1" type="cond" truecount="1" falsecount="0"/>
      <line num="2" count="1" type="stmt"/>
      <line num="3" count="1" type="stmt"/>
    </file>
    <file name="2.exceptions.js" path="C:\DATA-DATA-PEMBELAJARAN-PEMROGRAMAN\FRAMEWORK_JS_2025\belajar-materi-unit-test\src\2.exceptions.js">
      <metrics statements="10" coveredstatements="10" conditionals="1" coveredconditionals="1" methods="1" coveredmethods="1"/>
      <line num="1" count="1" type="stmt"/>
      <line num="2" count="1" type="cond" truecount="1" falsecount="0"/>
      <line num="3" count="2" type="stmt"/>
      <line num="4" count="2" type="stmt"/>
      <line num="5" count="2" type="stmt"/>
      <line num="6" count="1" type="stmt"/>
      <line num="7" count="1" type="stmt"/>
      <line num="8" count="1" type="stmt"/>
      <line num="9" count="1" type="stmt"/>
      <line num="10" count="1" type="stmt"/>
    </file>
  </project>
</coverage>
