{"C:\\DATA-DATA-PEMBELAJARAN-PEMROGRAMAN\\FRAMEWORK_JS_2025\\belajar-materi-unit-test\\src\\4.data_async.js": {"path":"C:\\DATA-DATA-PEMBELAJARAN-PEMROGRAMAN\\FRAMEWORK_JS_2025\\belajar-materi-unit-test\\src\\4.data_async.js","all":false,"statementMap":{"0":{"start":{"line":1,"column":0},"end":{"line":1,"column":34}},"1":{"start":{"line":2,"column":0},"end":{"line":2,"column":47}},"2":{"start":{"line":3,"column":0},"end":{"line":3,"column":17}},"3":{"start":{"line":4,"column":0},"end":{"line":4,"column":30}},"4":{"start":{"line":5,"column":0},"end":{"line":5,"column":40}},"5":{"start":{"line":6,"column":0},"end":{"line":6,"column":21}},"6":{"start":{"line":7,"column":0},"end":{"line":7,"column":16}},"7":{"start":{"line":8,"column":0},"end":{"line":8,"column":47}},"8":{"start":{"line":9,"column":0},"end":{"line":9,"column":9}},"9":{"start":{"line":10,"column":0},"end":{"line":10,"column":6}},"10":{"start":{"line":11,"column":0},"end":{"line":11,"column":1}}},"s":{"0":1,"1":4,"2":4,"3":3,"4":3,"5":3,"6":4,"7":1,"8":1,"9":4,"10":4},"branchMap":{"0":{"type":"branch","line":1,"loc":{"start":{"line":1,"column":7},"end":{"line":11,"column":1}},"locations":[{"start":{"line":1,"column":7},"end":{"line":11,"column":1}}]},"1":{"type":"branch","line":2,"loc":{"start":{"line":2,"column":23},"end":{"line":10,"column":5}},"locations":[{"start":{"line":2,"column":23},"end":{"line":10,"column":5}}]},"2":{"type":"branch","line":3,"loc":{"start":{"line":3,"column":16},"end":{"line":7,"column":9}},"locations":[{"start":{"line":3,"column":16},"end":{"line":7,"column":9}}]},"3":{"type":"branch","line":7,"loc":{"start":{"line":7,"column":9},"end":{"line":9,"column":9}},"locations":[{"start":{"line":7,"column":9},"end":{"line":9,"column":9}}]},"4":{"type":"branch","line":4,"loc":{"start":{"line":4,"column":23},"end":{"line":6,"column":13}},"locations":[{"start":{"line":4,"column":23},"end":{"line":6,"column":13}}]}},"b":{"0":[4],"1":[4],"2":[3],"3":[1],"4":[3]},"fnMap":{"0":{"name":"ngambilData","decl":{"start":{"line":1,"column":7},"end":{"line":11,"column":1}},"loc":{"start":{"line":1,"column":7},"end":{"line":11,"column":1}},"line":1}},"f":{"0":4}}
}
