{"C:\\DATA-DATA-PEMBELAJARAN-PEMROGRAMAN\\FRAMEWORK_JS_2025\\belajar-materi-unit-test\\src\\3.math.js": {"path":"C:\\DATA-DATA-PEMBELAJARAN-PEMROGRAMAN\\FRAMEWORK_JS_2025\\belajar-materi-unit-test\\src\\3.math.js","all":false,"statementMap":{"0":{"start":{"line":1,"column":0},"end":{"line":1,"column":43}},"1":{"start":{"line":2,"column":0},"end":{"line":2,"column":42}},"2":{"start":{"line":3,"column":0},"end":{"line":3,"column":28}},"3":{"start":{"line":4,"column":0},"end":{"line":4,"column":49}},"4":{"start":{"line":5,"column":0},"end":{"line":5,"column":28}},"5":{"start":{"line":6,"column":0},"end":{"line":6,"column":46}},"6":{"start":{"line":7,"column":0},"end":{"line":7,"column":28}},"7":{"start":{"line":8,"column":0},"end":{"line":8,"column":46}},"8":{"start":{"line":9,"column":0},"end":{"line":9,"column":28}},"9":{"start":{"line":10,"column":0},"end":{"line":10,"column":12}},"10":{"start":{"line":11,"column":0},"end":{"line":11,"column":54}},"11":{"start":{"line":12,"column":0},"end":{"line":12,"column":5}},"12":{"start":{"line":13,"column":0},"end":{"line":13,"column":1}}},"s":{"0":1,"1":5,"2":1,"3":5,"4":1,"5":4,"6":1,"7":3,"8":1,"9":1,"10":1,"11":1,"12":5},"branchMap":{"0":{"type":"branch","line":1,"loc":{"start":{"line":1,"column":15},"end":{"line":13,"column":1}},"locations":[{"start":{"line":1,"column":15},"end":{"line":13,"column":1}}]},"1":{"type":"branch","line":2,"loc":{"start":{"line":2,"column":41},"end":{"line":4,"column":5}},"locations":[{"start":{"line":2,"column":41},"end":{"line":4,"column":5}}]},"2":{"type":"branch","line":4,"loc":{"start":{"line":4,"column":5},"end":{"line":12,"column":5}},"locations":[{"start":{"line":4,"column":5},"end":{"line":12,"column":5}}]},"3":{"type":"branch","line":4,"loc":{"start":{"line":4,"column":48},"end":{"line":6,"column":5}},"locations":[{"start":{"line":4,"column":48},"end":{"line":6,"column":5}}]},"4":{"type":"branch","line":6,"loc":{"start":{"line":6,"column":5},"end":{"line":12,"column":5}},"locations":[{"start":{"line":6,"column":5},"end":{"line":12,"column":5}}]},"5":{"type":"branch","line":6,"loc":{"start":{"line":6,"column":45},"end":{"line":8,"column":5}},"locations":[{"start":{"line":6,"column":45},"end":{"line":8,"column":5}}]},"6":{"type":"branch","line":8,"loc":{"start":{"line":8,"column":5},"end":{"line":12,"column":5}},"locations":[{"start":{"line":8,"column":5},"end":{"line":12,"column":5}}]},"7":{"type":"branch","line":8,"loc":{"start":{"line":8,"column":45},"end":{"line":12,"column":5}},"locations":[{"start":{"line":8,"column":45},"end":{"line":12,"column":5}}]}},"b":{"0":[5],"1":[1],"2":[4],"3":[1],"4":[3],"5":[1],"6":[2],"7":[1]},"fnMap":{"0":{"name":"_default","decl":{"start":{"line":1,"column":15},"end":{"line":13,"column":1}},"loc":{"start":{"line":1,"column":15},"end":{"line":13,"column":1}},"line":1}},"f":{"0":5}}
}
