<?xml version="1.0" encoding="UTF-8"?>
<coverage generated="1750305504876" clover="3.2.0">
  <project timestamp="1750305504877" name="All files">
    <metrics statements="13" coveredstatements="13" conditionals="8" coveredconditionals="8" methods="1" coveredmethods="1" elements="22" coveredelements="22" complexity="0" loc="13" ncloc="13" packages="1" files="1" classes="1"/>
    <file name="3.math.js" path="C:\DATA-DATA-PEMBELAJARAN-PEMROGRAMAN\FRAMEWORK_JS_2025\belajar-materi-unit-test\src\3.math.js">
      <metrics statements="13" coveredstatements="13" conditionals="8" coveredconditionals="8" methods="1" coveredmethods="1"/>
      <line num="1" count="1" type="cond" truecount="1" falsecount="0"/>
      <line num="2" count="5" type="cond" truecount="1" falsecount="0"/>
      <line num="3" count="1" type="stmt"/>
      <line num="4" count="5" type="cond" truecount="2" falsecount="0"/>
      <line num="5" count="1" type="stmt"/>
      <line num="6" count="4" type="cond" truecount="2" falsecount="0"/>
      <line num="7" count="1" type="stmt"/>
      <line num="8" count="3" type="cond" truecount="2" falsecount="0"/>
      <line num="9" count="1" type="stmt"/>
      <line num="10" count="1" type="stmt"/>
      <line num="11" count="1" type="stmt"/>
      <line num="12" count="1" type="stmt"/>
      <line num="13" count="5" type="stmt"/>
    </file>
  </project>
</coverage>
